<?xml version="1.0" encoding="UTF-8"?>
<!-- Generated by org.testng.reporters.JUnitReportReporter -->
<testsuite hostname="DESKTOP-9TGCDAS" failures="0" tests="1" name="varthana_Test.mainTest" time="20.766" errors="0" timestamp="2024-02-09T15:55:44 IST" skipped="0">
  <testcase classname="varthana_Test.mainTest" name="m1" time="20.766"/>
  <system-out/>
</testsuite> <!-- varthana_Test.mainTest -->
