<?xml version="1.0" encoding="UTF-8"?>
<!-- Generated by org.testng.reporters.JUnitReportReporter -->
<testsuite hostname="DESKTOP-E8DHRMM" failures="0" tests="1" name="TestNg.alwaysrun" time="0.016" errors="0" timestamp="2024-01-22T19:29:18 IST" skipped="0">
  <testcase classname="TestNg.alwaysrun" name="b" time="0.016"/>
  <system-out/>
</testsuite> <!-- TestNg.alwaysrun -->
