<?xml version="1.0" encoding="UTF-8"?>
<!-- Generated by org.testng.reporters.JUnitReportReporter -->
<testsuite hostname="DESKTOP-4SHEN3F" failures="0" tests="1" name="TestNg.demo" time="0.039" errors="0" timestamp="2023-12-11T20:59:37 IST" skipped="0">
  <testcase classname="TestNg.demo" name="m1" time="0.039"/>
  <system-out/>
</testsuite> <!-- TestNg.demo -->
