<?xml version="1.0" encoding="UTF-8"?>
<!-- Generated by org.testng.reporters.JUnitReportReporter -->
<testsuite hostname="DESKTOP-4SHEN3F" failures="0" tests="1" name="TestNg.parameter" time="0.036" errors="0" timestamp="2024-01-08T00:09:01 IST" skipped="0">
  <testcase classname="TestNg.parameter" name="add" time="0.036"/>
  <system-out/>
</testsuite> <!-- TestNg.parameter -->
