<?xml version="1.0" encoding="UTF-8"?>
<!-- Generated by org.testng.reporters.JUnitReportReporter -->
<testsuite hostname="DESKTOP-9TGCDAS" failures="0" tests="4" name="TestNg.priority" time="0.063" errors="0" timestamp="2024-02-09T14:48:47 IST" skipped="0">
  <testcase classname="TestNg.priority" name="g" time="0.015"/>
  <system-out/>
  <testcase classname="TestNg.priority" name="l" time="0.006"/>
  <system-out/>
  <testcase classname="TestNg.priority" name="a" time="0.019"/>
  <system-out/>
  <testcase classname="TestNg.priority" name="k" time="0.023"/>
  <system-out/>
</testsuite> <!-- TestNg.priority -->
