<?xml version="1.0" encoding="UTF-8"?>
<!-- Generated by org.testng.reporters.JUnitReportReporter -->
<testsuite hostname="DESKTOP-4SHEN3F" failures="0" tests="1" name="TestNg.besoreaftergroup" time="0.006" errors="0" timestamp="2023-09-29T19:37:12 IST" skipped="0">
  <testcase classname="TestNg.besoreaftergroup" name="c" time="0.006"/>
  <system-out/>
</testsuite> <!-- TestNg.besoreaftergroup -->
