<?xml version="1.0" encoding="UTF-8"?>
<!-- Generated by org.testng.reporters.JUnitReportReporter -->
<testsuite hostname="DESKTOP-4SHEN3F" failures="0" tests="2" name="TestNg.parallal" time="31.136" errors="0" timestamp="2024-01-06T17:33:05 IST" skipped="0">
  <testcase classname="TestNg.parallal" name="m1" time="12.397"/>
  <system-out/>
  <testcase classname="TestNg.parallal" name="m2" time="18.739"/>
  <system-out/>
</testsuite> <!-- TestNg.parallal -->
