<?xml version="1.0" encoding="UTF-8"?>
<!-- Generated by org.testng.reporters.JUnitReportReporter -->
<testsuite hostname="DESKTOP-9TGCDAS" failures="0" tests="1" name="TestNg.timeout" time="13.720" errors="0" timestamp="2024-01-30T22:33:10 IST" skipped="0">
  <testcase classname="TestNg.timeout" name="m1" time="13.720"/>
  <system-out/>
</testsuite> <!-- TestNg.timeout -->
