<?xml version="1.0" encoding="UTF-8"?>
<!-- Generated by org.testng.reporters.JUnitReportReporter -->
<testsuite hostname="DESKTOP-4SHEN3F" failures="0" tests="4" name="TestNg.groupexecuation" time="0.060" errors="0" timestamp="2023-09-29T19:37:40 IST" skipped="0">
  <testcase classname="TestNg.groupexecuation" name="b" time="0.014"/>
  <system-out/>
  <testcase classname="TestNg.groupexecuation" name="c" time="0.015"/>
  <system-out/>
  <testcase classname="TestNg.groupexecuation" name="d" time="0.006"/>
  <system-out/>
  <testcase classname="TestNg.groupexecuation" name="a" time="0.025"/>
  <system-out/>
</testsuite> <!-- TestNg.groupexecuation -->
