<?xml version="1.0" encoding="UTF-8"?>
<!-- Generated by org.testng.reporters.JUnitReportReporter -->
<testsuite hostname="DESKTOP-9TGCDAS" failures="0" tests="2" name="TestNg.dataProvider" time="95.901" errors="0" timestamp="2024-01-31T12:13:57 IST" skipped="0">
  <testcase classname="TestNg.dataProvider" name="login" time="73.958"/>
  <system-out/>
  <testcase classname="TestNg.dataProvider" name="login" time="21.943"/>
  <system-out/>
</testsuite> <!-- TestNg.dataProvider -->
