<?xml version="1.0" encoding="UTF-8"?>
<!-- Generated by org.testng.reporters.JUnitReportReporter -->
<testsuite hostname="DESKTOP-4SHEN3F" failures="0" tests="5" name="TestNg.threadpool" time="0.221" errors="0" timestamp="2023-09-29T19:56:46 IST" skipped="0">
  <testcase classname="TestNg.threadpool" name="c" time="0.038"/>
  <system-out/>
  <testcase classname="TestNg.threadpool" name="c" time="0.026"/>
  <system-out/>
  <testcase classname="TestNg.threadpool" name="c" time="0.082"/>
  <system-out/>
  <testcase classname="TestNg.threadpool" name="c" time="0.032"/>
  <system-out/>
  <testcase classname="TestNg.threadpool" name="c" time="0.043"/>
  <system-out/>
</testsuite> <!-- TestNg.threadpool -->
