<?xml version="1.0" encoding="UTF-8"?>
<!-- Generated by org.testng.reporters.JUnitReportReporter -->
<testsuite hostname="DESKTOP-4SHEN3F" failures="0" tests="1" name="TestNg.assertequal" time="0.026" errors="0" timestamp="2023-09-29T19:33:41 IST" skipped="0">
  <testcase classname="TestNg.assertequal" name="verify" time="0.026"/>
  <system-out/>
</testsuite> <!-- TestNg.assertequal -->
