<?xml version="1.0" encoding="UTF-8"?>
<!-- Generated by org.testng.reporters.JUnitReportReporter -->
<testsuite hostname="DESKTOP-4SHEN3F" failures="0" tests="2" name="TestNg.excludeTest" time="0.018" errors="0" timestamp="2023-12-08T19:49:10 IST" skipped="1">
  <testcase classname="TestNg.excludeTest" name="m1" time="0.018"/>
  <system-out/>
  <testcase classname="TestNg.excludeTest" name="m2">
    <skipped/>
  </testcase> <!-- m2 -->
  <system-out/>
</testsuite> <!-- TestNg.excludeTest -->
